#-----------------------------------------------------------
# Vivado v2019.1 (64-bit)
# SW Build 2552052 on Fri May 24 14:49:42 MDT 2019
# IP Build 2548770 on Fri May 24 18:01:18 MDT 2019
# Start of session at: Tue Nov 17 14:02:49 2020
# Process ID: 16668
# Current directory: C:/Users/Julian/Desktop/VivadoProjects/cecs341/lab4
# Command line: vivado.exe -gui_launcher_event rodinguilauncherevent16692 C:\Users\Julian\Desktop\VivadoProjects\cecs341\lab4\lab4.xpr
# Log file: C:/Users/Julian/Desktop/VivadoProjects/cecs341/lab4/vivado.log
# Journal file: C:/Users/Julian/Desktop/VivadoProjects/cecs341/lab4\vivado.jou
#-----------------------------------------------------------
start_gui
open_project C:/Users/Julian/Desktop/VivadoProjects/cecs341/lab4/lab4.xpr
Scanning sources...
Finished scanning sources
INFO: [IP_Flow 19-234] Refreshing IP repositories
INFO: [IP_Flow 19-1704] No user IP repositories specified
INFO: [IP_Flow 19-2313] Loaded Vivado IP repository 'C:/Xilinx/Vivado/2019.1/data/ip'.
update_compile_order -fileset sources_1
exit
INFO: [Common 17-206] Exiting Vivado at Tue Nov 17 14:22:38 2020...
